2023-10-16 13:23:09.036 [info] Extension host with pid 304 started
2023-10-16 13:23:09.069 [info] ExtensionService#_doActivateExtension vscode.emmet, startup: false, activationEvent: 'onLanguage'
2023-10-16 13:23:09.079 [info] ExtensionService#_doActivateExtension vscode.git-base, startup: false, activationEvent: 'onLanguage:ignore'
2023-10-16 13:23:09.101 [info] ExtensionService#_doActivateExtension vscode.github, startup: true, activationEvent: '*'
2023-10-16 13:23:09.107 [info] Eager extensions activated
2023-10-16 13:23:09.108 [info] ExtensionService#_doActivateExtension vscode.debug-auto-launch, startup: false, activationEvent: 'onStartupFinished'
2023-10-16 13:23:09.111 [info] ExtensionService#_doActivateExtension vscode.merge-conflict, startup: false, activationEvent: 'onStartupFinished'
2023-10-16 13:23:09.119 [info] ExtensionService#_doActivateExtension ms-vscode-remote.remote-wsl-recommender, startup: false, activationEvent: 'onStartupFinished'
2023-10-16 13:23:09.130 [info] ExtensionService#_doActivateExtension Equinusocio.vsc-material-theme, startup: false, activationEvent: 'onStartupFinished'
2023-10-16 13:23:09.155 [info] ExtensionService#_doActivateExtension esbenp.prettier-vscode, startup: false, activationEvent: 'onStartupFinished'
2023-10-16 13:23:09.200 [info] ExtensionService#_doActivateExtension zhuangtongfa.material-theme, startup: false, activationEvent: 'onStartupFinished'
2023-10-16 13:23:09.260 [error] ProxyResolver#getCaCertificates error Error: Cannot find module 'vscode-windows-ca-certs'
Require stack:
- c:\Users\advan\AppData\Local\Programs\Microsoft VS Code\resources\app\node_modules.asar\@vscode\proxy-agent\out\index.js
- c:\Users\advan\AppData\Local\Programs\Microsoft VS Code\resources\app\out\bootstrap-amd.js
- c:\Users\advan\AppData\Local\Programs\Microsoft VS Code\resources\app\out\bootstrap-fork.js
- 
	at Module._resolveFilename (node:internal/modules/cjs/loader:1010:15)
	at s._resolveFilename (node:electron/js2c/utility_init:2:2740)
	at Module._load (node:internal/modules/cjs/loader:858:27)
	at f._load (node:electron/js2c/asar_bundle:2:13330)
	at b._load (c:\Users\advan\AppData\Local\Programs\Microsoft VS Code\resources\app\out\vs\workbench\api\node\extensionHostProcess.js:126:29948)
	at h._load (c:\Users\advan\AppData\Local\Programs\Microsoft VS Code\resources\app\out\vs\workbench\api\node\extensionHostProcess.js:126:26698)
	at I._load (c:\Users\advan\AppData\Local\Programs\Microsoft VS Code\resources\app\out\vs\workbench\api\node\extensionHostProcess.js:90:24489)
	at Module.require (node:internal/modules/cjs/loader:1082:19)
	at g (c:\Users\advan\AppData\Local\Programs\Microsoft VS Code\resources\app\out\vs\loader.js:4:647)
	at c:\Users\advan\AppData\Local\Programs\Microsoft VS Code\resources\app\node_modules.asar\@vscode\proxy-agent\out\index.js:380:71
2023-10-16 13:23:09.336 [info] ExtensionService#_doActivateExtension vscode.github-authentication, startup: false, activationEvent: 'onAuthenticationRequest:github'
2023-10-16 13:23:09.395 [info] ExtensionService#_doActivateExtension vscode.microsoft-authentication, startup: false, activationEvent: 'onAuthenticationRequest:microsoft'
2023-10-16 13:23:17.435 [info] Extension host terminating: renderer closed the MessagePort
2023-10-16 13:23:17.438 [info] Extension host with pid 304 exiting with code 0
