2023-10-17T15:20:33+02:00 0x00003270         RoomsPlatformUtils: Process invoked without rooms flag, no platform ID override provided
2023-10-17T15:20:33+02:00 0x00003270         TelemetryService: Sampling rules from previous session recovered
2023-10-17T15:20:33+02:00 0x00003270         BackgroundTaskBase: Registering msteamsupdate.exe as bgtask com server for task: TeamsAsyncUpdaterTask
2023-10-17T15:20:33+02:00 0x00003270         Scenario: shell_bgtask_comserverregistration [start,success] Scenario.Status:success, Scenario.Step:start, delta:0, elapsed:0, elapsedSinceProcessStart:136, sequence:0
2023-10-17T15:20:33+02:00 0x000048a0         AsyncUpdaterTask: Starting updater background task
2023-10-17T15:20:33+02:00 0x000048a0         Scenario: shell_ecs_refresh [start,success] Scenario.Status:success, Scenario.Step:start, delta:0, elapsed:0, elapsedSinceProcessStart:146, sequence:0
2023-10-17T15:20:33+02:00 0x000048a0         Scenario: shell_peristent_storage_read [start,success] Scenario.Status:success, Scenario.Step:start, delta:0, elapsed:19, elapsedSinceProcessStart:165, sequence:0
2023-10-17T15:20:33+02:00 0x000048a0         TelemetryService: Restored sampling rules from previous session
2023-10-17T15:20:33+02:00 0x000048a0         Scenario: shell_peristent_storage_read [stop,abandoned] InstanceId:6cffdf09-2945-4682-b570-38d9f90f7efc, Scenario.Mode:1, Scenario.Name:shell_peristent_storage_read, Scenario.Status:abandoned, Scenario.Step:stop, delta:0, elapsed:19, elapsedSinceProcessStart:165, error:no such file or directory, fileName:configuration.json, previousStep:start, sequence:1, stepDelta:0
2023-10-17T15:20:33+02:00 0x000048a0         Scenario: shell_peristent_storage_read [start,success] Scenario.Status:success, Scenario.Step:start, delta:1, elapsed:23, elapsedSinceProcessStart:169, sequence:0
2023-10-17T15:20:33+02:00 0x000048a0         Scenario: shell_peristent_storage_read [stop,success] InstanceId:90eabb93-a98b-42f3-821d-384643cce23c, Scenario.Mode:1, Scenario.Name:shell_peristent_storage_read, Scenario.Status:success, Scenario.Step:stop, delta:4, elapsed:26, elapsedSinceProcessStart:172, fileName:ecs_request_param.json, previousStep:start, sequence:1, stepDelta:4
2023-10-17T15:20:33+02:00 0x000048a0         TelemetryService: No primary user detected during a SetUserTenantId Call, setting 9188040d-6c67-4c5b-b112-36a304b66dad as default tenant
2023-10-17T15:20:33+02:00 0x000048a0         TelemetryService: No primary user detected during a SetUserId Call, setting 00000000-0000-0000-5f96-c23d63e25eac as UserInfo_Id
2023-10-17T15:20:33+02:00 0x000048a0         AsyncUpdaterTask: Starting ecs fetch
2023-10-17T15:20:33+02:00 0x000048a0         Scenario: shell_ecs_cache [start,success] Scenario.Status:success, Scenario.Step:start, delta:0, elapsed:33, elapsedSinceProcessStart:179, sequence:0
2023-10-17T15:20:33+02:00 0x000048a0         Scenario: shell_ecs_cache [stop,success] InstanceId:301be798-829a-4240-af7f-3850abfc4573, LatestVersion:23258.704.2395.9691, LatestVersionPath:/BuildSettings/WebView2/x64/latestVersion, Scenario.Mode:1, Scenario.Name:shell_ecs_cache, Scenario.Status:success, Scenario.Step:stop, StatusCode:200, TeamsBuilds:["arm64","latestVersion","x64","x86"], TeamsWebView2:["app","auth","autostart","core","deviceCapability","ecs","extensibility","logging","meetNow","nativeModules","nbaFinalExperience","security","systemTray","taskbar","telemetry","thirdPartyDevices","tma","toasts","update","uxStateError","webLauncher","webNrc","webview","windowcontrols"], configExpiryTimeInSec:0, delta:3, elapsed:36, elapsedSinceProcessStart:182, expiry:Tue, 17 Oct 2023 17:16:26 GMT, previousStep:start, process:updater, requestParameters:{"ClientId":"666ac5cd-9f8a-4b05-b26e-e0d28a27e4c6","aaduserid":"00000000-0000-0000-5f96-c23d63e25eac","agents":"TeamsBuilds,TeamsWebview2","audience":"general","cloud":"Consumer","cpuarch":"x64","desktopVersion":"23258.704.2395.9691","environment":"life","id":"00000000-0000-0000-5f96-c23d63e25eac","osplatform":"windows","osversion":"10.0.22621","teamslocale":"de-de","teamsring":"gT15:20:33+02:00 0x00000e6c         EcsFetchCompletion: Ecs settings are already up to date
2023-10-17T15:20:33+02:00 0x00000e6c         Scenario: shell_ecs_refresh [stop,abandoned] InstanceId:5fa78d6a-df2e-4af4-aee4-abca7e8a6eba, Scenario.Mode:1, Scenario.Name:shell_ecs_refresh, Scenario.Status:abandoned, Scenario.Step:stop, delta:42, elapsed:42, elapsedSinceProcessStart:178, previousStep:start, reason:up to date, sequence:1, stepDelta:42
2023-10-17T15:20:33+02:00 0x00000e6c         EcsBackgroundTask: Completed ecs background task
2023-10-17T15:20:33+02:00 0x00001a80         Scenario: shell_bgtask_comserverregistration [stop,success] InstanceId:e26069dd-886e-4e24-b88c-5109c1fa7ce0, Scenario.Mode:3, Scenario.Name:shell_bgtask_comserverregistration, Scenario.Status:success, Scenario.Step:stop, Scenario.Steps:[{"Scenario.Status":"success","Scenario.Step":"stop","delta":50,"elapsed":50,"elapsedSinceProcessStart":182,"previousStep":"start","sequence":1,"stepDelta":50}], Scenario.StepsEx:[{"taskName":"TeamsEcsTask"}], delta:50, elapsed:50, elapsedSinceProcessStart:182, previousStep:start, sequence:1, stepDelta:50, taskName:TeamsEcsTask
2023-10-17T15:20:34+02:00 0x00001a80         TelemetryService: Telemetry service stopped
update.exe!00007FF6BDB95166: ReturnHr(1) tid(48a0) 800704C7 Der Vorgang wurde durch den Benutzer abgebrochen.
    Msg:[winrt::hresult_error: Der Vorgang wurde durch den Benutzer abgebrochen.] 
2023-10-17T15:20:33+02:00 0x000048a0         Scenario: shell_msix_update [stop,success] CurrentVersion:23258.704.2395.9691, DeviceInfo_OfficeMachineId:61f35276-71ad-a34b-b7c4-30e1bbea0ba1, ErrorText:, ExtendedErrorCode:0x0
, GenericErrorCode:0x800704c7
, InstanceId:f175bfb6-b118-41c0-9153-66bd56cc7f5e, LatestVersion:23258.704.2395.9691, Scenario.Mode:3, Scenario.Name:shell_msix_update, Scenario.Status:success, Scenario.Step:stop, Scenario.Steps:[{"Scenario.Status":"success","Scenario.Step":"stop","delta":3,"elapsed":119,"elapsedSinceProcessStart":265,"previousStep":"start","sequence":1,"stepDelta":3}], Scenario.StepsEx:[{"CurrentVersion":"23258.704.2395.9691","DeviceInfo_OfficeMachineId":"61f35276-71ad-a34b-b7c4-30e1bbea0ba1","ErrorText":"","ExtendedErrorCode":"0x0\n","GenericErrorCode":"0x800704c7\n","LatestVersion":"23258.704.2395.9691","UpdateCheckReason":"BgUpdateCheck","UpdateFailureCount":0,"UpdateUrl":"https://statics.teams.cdn.office.net/production-windows-x64/23258.704.2395.9691/MicrosoftTeams-x64.msix","reason":"uptodate","update-current-version":"23258.704.2395.9691"}], UpdateCheckReason:BgUpdateCheck, UpdateFailureCount:0, UpdateUrl:https://statics.teams.cdn.office.net/production-windows-x64/23258.704.2395.9691/MicrosoftTeams-x64.msix, delta:3, elapsed:119, elapsedSinceProcessStart:265, previousStep:start, reason:uptodate, sequence:1, stepDelta:3, update-current-version:23258.704.2395.9691
2023-10-17T15:20:33+02:00 0x000048a0         Scenario: shell_install_msi_addin [start,success] Scenario.Status:success, Scenario.Step:start, delta:0, elapsed:119, elapsedSinceProcessStart:265, sequence:0
2023-10-17T15:20:33+02:00 0x000048a0         Scenario: shell_install_msi_addin [stop,abandoned] InstanceId:306ae894-c324-42cd-80cb-36f2c75164a8, Scenario.Mode:3, Scenario.Name:shell_install_msi_addin, Scenario.Status:abandoned, Scenario.Step:stop, Scenario.Steps:[{"Scenario.Status":"abandoned","Scenario.Step":"stop","delta":1,"elapsed":120,"elapsedSinceProcessStart":266,"previousStep":"start","sequence":1,"stepDelta":1}], Scenario.StepsEx:[{"UpdateCheckReason":"BackgroundUpdate","reason":"flag_off"}], UpdateCheckReason:BackgroundUpdate, delta:1, elapsed:120, elapsedSinceProcessStart:266, previousStep:start, reason:flag_off, sequence:1, stepDelta:1
2023-10-17T15:20:33+02:00 0x000048a0         AsyncUpdaterTask: Updater task completed
2023-10-17T15:20:33+02:00 0x00003270         Scenario: shell_bgtask_comserverregistration [stop,success] InstanceId:a7e3b271-3e2c-401d-95fc-0fc045e5c4a1, Scenario.Mode:3, Scenario.Name:shell_bgtask_comserverregistration, Scenario.Status:success, Scenario.Step:stop, Scenario.Steps:[{"Scenario.Status":"success","Scenario.Step":"stop","delta":131,"elapsed":131,"elapsedSinceProcessStart":267,"previousStep":"start","sequence":1,"stepDelta":131}], Scenario.StepsEx:[{"taskName":"TeamsAsyncUpdaterTask"}], delta:131, elapsed:131, elapsedSinceProcessStart:267, previousStep:start, sequence:1, stepDelta:131, taskName:TeamsAsyncUpdaterTask
2023-10-17T15:20:35+02:00 0x00003270         TelemetryService: Telemetry service stopped
