0 verbose cli C:\Program Files\nodejs\node.exe C:\Program Files\nodejs\node_modules\npm\bin\npm-cli.js
1 info using npm@9.8.1
2 info using node@v18.18.1
3 timing npm:load:whichnode Completed in 3ms
4 timing config:load:defaults Completed in 8ms
5 timing config:load:file:C:\Program Files\nodejs\node_modules\npm\npmrc Completed in 2ms
6 timing config:load:builtin Completed in 2ms
7 timing config:load:cli Completed in 2ms
8 timing config:load:env Completed in 0ms
9 timing config:load:file:C:\Users\advan\.vscode\extensions\zhuangtongfa.material-theme-3.16.2\.npmrc Completed in 0ms
10 timing config:load:project Completed in 3ms
11 timing config:load:file:C:\Users\advan\.npmrc Completed in 0ms
12 timing config:load:user Completed in 0ms
13 timing config:load:file:C:\Users\advan\AppData\Roaming\npm\etc\npmrc Completed in 0ms
14 timing config:load:global Completed in 1ms
15 timing config:load:setEnvs Completed in 1ms
16 timing config:load Completed in 19ms
17 timing npm:load:configload Completed in 20ms
18 timing config:load:flatten Completed in 14ms
19 timing npm:load:mkdirpcache Completed in 1ms
20 timing npm:load:mkdirplogs Completed in 3ms
21 verbose title npm install
22 verbose argv "install"
23 timing npm:load:setTitle Completed in 15ms
24 timing npm:load:display Completed in 1ms
25 verbose logfile logs-max:10 dir:C:\Users\advan\AppData\Local\npm-cache\_logs\2023-10-18T12_26_58_884Z-
26 verbose logfile C:\Users\advan\AppData\Local\npm-cache\_logs\2023-10-18T12_26_58_884Z-debug-0.log
27 timing npm:load:logFile Completed in 38ms
28 timing npm:load:timers Completed in 1ms
29 timing npm:load:configScope Completed in 0ms
30 timing npm:load Completed in 193ms
31 timing arborist:ctor Completed in 1ms
32 timing arborist:ctor Completed in 0ms
33 silly logfile start cleaning logs, removing 1 files
34 silly logfile done cleaning log files
35 timing idealTree:init Completed in 50ms
36 timing idealTree:userRequests Completed in 0ms
37 silly idealTree buildDeps
38 silly fetch manifest @mskelton/eslint-config@7.1.0
39 http fetch GET 200 https://registry.npmjs.org/@mskelton%2feslint-config 39ms (cache hit)
40 silly fetch manifest @babel/core@>= 7
41 http fetch GET 200 https://registry.npmjs.org/@babel%2fcore 11ms (cache hit)
42 silly fetch manifest @babel/eslint-parser@>= 7
43 http fetch GET 200 https://registry.npmjs.org/@babel%2feslint-parser 8ms (cache hit)
44 silly fetch manifest eslint@8.14.0
45 http fetch GET 200 https://registry.npmjs.org/eslint 11ms (cache hit)
46 silly fetch manifest @typescript-eslint/eslint-plugin@4.33.0
47 http fetch GET 200 https://registry.npmjs.org/@typescript-eslint%2feslint-plugin 30ms (cache hit)
48 silly fetch manifest @typescript-eslint/eslint-plugin@>= 5
49 silly fetch manifest @typescript-eslint/parser@^4.0.0
50 http fetch GET 200 https://registry.npmjs.org/@typescript-eslint%2fparser 55ms (cache hit)
51 silly fetch manifest eslint@^5.0.0 || ^6.0.0 || ^7.0.0
52 silly fetch manifest @typescript-eslint/parser@>= 5
53 silly fetch manifest eslint@>= 8
54 timing idealTree Completed in 434ms
55 timing command:install Completed in 446ms
56 verbose stack Error: unable to resolve dependency tree
56 verbose stack     at #failPeerConflict (C:\Program Files\nodejs\node_modules\npm\node_modules\@npmcli\arborist\lib\arborist\build-ideal-tree.js:1376:25)
56 verbose stack     at #loadPeerSet (C:\Program Files\nodejs\node_modules\npm\node_modules\@npmcli\arborist\lib\arborist\build-ideal-tree.js:1369:29)
56 verbose stack     at async #buildDepStep (C:\Program Files\nodejs\node_modules\npm\node_modules\@npmcli\arborist\lib\arborist\build-ideal-tree.js:917:11)
56 verbose stack     at async Arborist.buildIdealTree (C:\Program Files\nodejs\node_modules\npm\node_modules\@npmcli\arborist\lib\arborist\build-ideal-tree.js:196:7)
56 verbose stack     at async Promise.all (index 1)
56 verbose stack     at async Arborist.reify (C:\Program Files\nodejs\node_modules\npm\node_modules\@npmcli\arborist\lib\arborist\reify.js:159:5)
56 verbose stack     at async Install.exec (C:\Program Files\nodejs\node_modules\npm\lib\commands\install.js:149:5)
56 verbose stack     at async module.exports (C:\Program Files\nodejs\node_modules\npm\lib\cli-entry.js:61:5)
57 verbose cwd C:\Users\advan\.vscode\extensions\zhuangtongfa.material-theme-3.16.2
58 verbose Windows_NT 10.0.22621
59 verbose node v18.18.1
60 verbose npm  v9.8.1
61 error code ERESOLVE
62 error ERESOLVE unable to resolve dependency tree
63 error
64 error While resolving: [1mmaterial-theme[22m@[1m3.16.2[22m
64 error Found: [1m@typescript-eslint/parser[22m@[1m4.33.0[22m[2m[22m
64 error [2mnode_modules/@typescript-eslint/parser[22m
64 error   [35mpeer[39m [1m@typescript-eslint/parser[22m@"[1m^4.0.0[22m" from [1m@typescript-eslint/eslint-plugin[22m@[1m4.33.0[22m[2m[22m
64 error   [2mnode_modules/@typescript-eslint/eslint-plugin[22m
64 error     [33mdev[39m [1m@typescript-eslint/eslint-plugin[22m@"[1m4.33.0[22m" from the root project
64 error
64 error Could not resolve dependency:
64 error peerOptional [1m@typescript-eslint/parser[22m@"[1m>= 5[22m" from [1m@mskelton/eslint-config[22m@[1m7.1.0[22m[2m[22m
64 error [2mnode_modules/@mskelton/eslint-config[22m
64 error   [33mdev[39m [1m@mskelton/eslint-config[22m@"[1m7.1.0[22m" from the root project
64 error
64 error Fix the upstream dependency conflict, or retry
64 error this command with --force or --legacy-peer-deps
64 error to accept an incorrect (and potentially broken) dependency resolution.
65 error
65 error
65 error For a full report see:
65 error C:\Users\advan\AppData\Local\npm-cache\_logs\2023-10-18T12_26_58_884Z-eresolve-report.txt
66 verbose exit 1
67 timing npm Completed in 1498ms
68 verbose unfinished npm timer reify 1697632019923
69 verbose unfinished npm timer reify:loadTrees 1697632019928
70 verbose unfinished npm timer idealTree:buildDeps 1697632019980
71 verbose unfinished npm timer idealTree:#root 1697632019981
72 verbose code 1
73 error A complete log of this run can be found in: C:\Users\advan\AppData\Local\npm-cache\_logs\2023-10-18T12_26_58_884Z-debug-0.log
