2023-10-17 17:57:52.416 [CORE] Valid settings file not found. Using default values.
2023-10-17 17:57:52.417 [CORE] WinGet, version [1.6.2771], activity [{8DD00573-7BA0-4E6B-902E-32B2C9193BE6}]
2023-10-17 17:57:52.418 [CORE] OS: Windows.Desktop v10.0.22621.2428
2023-10-17 17:57:52.418 [CORE] Command line Args: "C:\Program Files\WindowsApps\Microsoft.DesktopAppInstaller_1.21.2771.0_x64__8wekyb3d8bbwe\WindowsPackageManagerServer.exe" -Embedding
2023-10-17 17:57:52.418 [CORE] Package: Microsoft.DesktopAppInstaller v1.21.2771.0
2023-10-17 17:57:52.418 [CORE] IsCOMCall:1; Caller: C:\Windows\System32\taskhostw.exe
2023-10-17 17:57:52.461 [REPO] Sending http GET request to: https://storeedgefd.dsx.mp.microsoft.com/v9.0/information
2023-10-17 17:57:52.585 [REPO] Response status: 200
2023-10-17 17:57:52.586 [REPO] Sending http GET request to: https://storeedgefd.dsx.mp.microsoft.com/v9.0/information
2023-10-17 17:57:52.595 [REPO] Response status: 200
2023-10-17 17:57:52.596 [REPO] Creating PredefinedInstalledSource with filter [None]
2023-10-17 17:57:52.596 [REPO] Creating new SQLite Index with version [Latest] at ':memory:'
2023-10-17 17:57:52.597 [SQL ] Opening SQLite connection #1: ':memory:' [6, 0]
2023-10-17 17:57:52.654 [REPO] Reading MSI UpgradeCodes
2023-10-17 17:57:52.657 [REPO] Examining ARP entries for Machine | X64
2023-10-17 17:57:52.689 [REPO] Examining ARP entries for Machine | X86
2023-10-17 17:57:52.730 [REPO] Reading MSI UpgradeCodes
2023-10-17 17:57:52.732 [REPO] Examining ARP entries for User | X64
2023-10-17 17:57:53.235 [REPO] Finding available package from installed package using system reference search: Query:[none] Include:ProductCode='discord'[Exact] Include:NormalizedNameAndPublisher='discord'+'discord'[Exact]
2023-10-17 17:57:53.242 [REPO] Opening SQLite Index for ReadWrite at 'C:\Users\advan\AppData\Local\Packages\Microsoft.DesktopAppInstaller_8wekyb3d8bbwe\LocalState\StoreEdgeFD\installed.db'
2023-10-17 17:57:53.242 [SQL ] Opening SQLite connection #2: 'C:\Users\advan\AppData\Local\Packages\Microsoft.DesktopAppInstaller_8wekyb3d8bbwe\LocalState\StoreEdgeFD\installed.db' [2, 0]
2023-10-17 17:57:53.244 [REPO] Opened SQLite Index with version [1.5], last write [2022-12-20 14:57:30.000]
2023-10-17 17:57:53.293 [REPO] Sending http POST request to: https://storeedgefd.dsx.mp.microsoft.com/v9.0/manifestSearch
2023-10-17 17:57:53.303 [REPO] Response status: 200
2023-10-17 17:57:53.308 [REPO] Opening pinning index
2023-10-17 17:57:53.308 [REPO] Opening existing pinning index
2023-10-17 17:57:53.308 [REPO] Opening SQLite Index for ReadWrite at 'C:\Users\advan\AppData\Local\Packages\Microsoft.DesktopAppInstaller_8wekyb3d8bbwe\LocalState\pinning.db'
2023-10-17 17:57:53.308 [SQL ] Opening SQLite connection #3: 'C:\Users\advan\AppData\Local\Packages\Microsoft.DesktopAppInstaller_8wekyb3d8bbwe\LocalState\pinning.db' [2, 0]
2023-10-17 17:57:53.309 [REPO] Opened Pinning Index with version [1.0], last write [2023-07-19 23:18:34.000]
