2023-10-17 17:58:23.089 [CORE] Valid settings file not found. Using default values.
2023-10-17 17:58:23.090 [CORE] WinGet, version [1.6.2771], activity [{A95A2B2A-5AEF-42B6-9234-F30A554268ED}]
2023-10-17 17:58:23.090 [CORE] OS: Windows.Desktop v10.0.22621.2428
2023-10-17 17:58:23.090 [CORE] Command line Args: "C:\Program Files\WindowsApps\Microsoft.DesktopAppInstaller_1.21.2771.0_x64__8wekyb3d8bbwe\WindowsPackageManagerServer.exe" -Embedding
2023-10-17 17:58:23.090 [CORE] Package: Microsoft.DesktopAppInstaller v1.21.2771.0
2023-10-17 17:58:23.091 [CORE] IsCOMCall:1; Caller: C:\Windows\System32\taskhostw.exe
2023-10-17 17:58:23.121 [REPO] Sending http GET request to: https://storeedgefd.dsx.mp.microsoft.com/v9.0/information
2023-10-17 17:58:23.208 [REPO] Response status: 200
2023-10-17 17:58:23.209 [REPO] Sending http GET request to: https://storeedgefd.dsx.mp.microsoft.com/v9.0/information
2023-10-17 17:58:23.216 [REPO] Response status: 200
2023-10-17 17:58:23.217 [REPO] Creating PredefinedInstalledSource with filter [None]
2023-10-17 17:58:23.217 [REPO] Creating new SQLite Index with version [Latest] at ':memory:'
2023-10-17 17:58:23.217 [SQL ] Opening SQLite connection #1: ':memory:' [6, 0]
2023-10-17 17:58:23.282 [REPO] Reading MSI UpgradeCodes
2023-10-17 17:58:23.285 [REPO] Examining ARP entries for Machine | X64
2023-10-17 17:58:23.318 [REPO] Examining ARP entries for Machine | X86
2023-10-17 17:58:23.355 [REPO] Reading MSI UpgradeCodes
2023-10-17 17:58:23.357 [REPO] Examining ARP entries for User | X64
2023-10-17 17:58:23.872 [REPO] Finding available package from installed package using system reference search: Query:[none] Include:ProductCode='audacity_is1'[Exact] Include:NormalizedNameAndPublisher='audacity'+'audacityteam'[Exact]
2023-10-17 17:58:23.878 [REPO] Opening SQLite Index for ReadWrite at 'C:\Users\advan\AppData\Local\Packages\Microsoft.DesktopAppInstaller_8wekyb3d8bbwe\LocalState\StoreEdgeFD\installed.db'
2023-10-17 17:58:23.878 [SQL ] Opening SQLite connection #2: 'C:\Users\advan\AppData\Local\Packages\Microsoft.DesktopAppInstaller_8wekyb3d8bbwe\LocalState\StoreEdgeFD\installed.db' [2, 0]
2023-10-17 17:58:23.879 [REPO] Opened SQLite Index with version [1.5], last write [2022-12-20 14:57:30.000]
2023-10-17 17:58:23.938 [REPO] Sending http POST request to: https://storeedgefd.dsx.mp.microsoft.com/v9.0/manifestSearch
2023-10-17 17:58:23.955 [REPO] Response status: 200
2023-10-17 17:58:23.960 [REPO] Opening pinning index
2023-10-17 17:58:23.960 [REPO] Opening existing pinning index
2023-10-17 17:58:23.960 [REPO] Opening SQLite Index for ReadWrite at 'C:\Users\advan\AppData\Local\Packages\Microsoft.DesktopAppInstaller_8wekyb3d8bbwe\LocalState\pinning.db'
2023-10-17 17:58:23.960 [SQL ] Opening SQLite connection #3: 'C:\Users\advan\AppData\Local\Packages\Microsoft.DesktopAppInstaller_8wekyb3d8bbwe\LocalState\pinning.db' [2, 0]
2023-10-17 17:58:23.961 [REPO] Opened Pinning Index with version [1.0], last write [2023-07-19 23:18:34.000]
